2016-11-02 23:03:56,417 MutatorMath Executing designspace document: Roboto.designspace
2016-11-02 23:03:56,433 MutatorMath Writing Roboto-Thin.ufo to ../../instance_ufo/Roboto-Thin.ufo
2016-11-02 23:03:57,174 MutatorMath Writing Roboto-Light.ufo to ../../instance_ufo/Roboto-Light.ufo
2016-11-02 23:03:57,598 MutatorMath Writing Roboto-Regular.ufo to ../../instance_ufo/Roboto-Regular.ufo
2016-11-02 23:03:58,061 MutatorMath Writing Roboto-Medium.ufo to ../../instance_ufo/Roboto-Medium.ufo
2016-11-02 23:03:58,530 MutatorMath Writing Roboto-Bold.ufo to ../../instance_ufo/Roboto-Bold.ufo
2016-11-02 23:03:59,005 MutatorMath Writing Roboto-Black.ufo to ../../instance_ufo/Roboto-Black.ufo
2016-11-02 23:03:59,442 MutatorMath Writing Roboto-ThinItalic.ufo to ../../instance_ufo/Roboto-ThinItalic.ufo
2016-11-02 23:04:00,083 MutatorMath Writing Roboto-LightItalic.ufo to ../../instance_ufo/Roboto-LightItalic.ufo
2016-11-02 23:04:00,843 MutatorMath Writing Roboto-Italic.ufo to ../../instance_ufo/Roboto-Italic.ufo
2016-11-02 23:04:01,615 MutatorMath Writing Roboto-MediumItalic.ufo to ../../instance_ufo/Roboto-MediumItalic.ufo
2016-11-02 23:04:02,491 MutatorMath Writing Roboto-BoldItalic.ufo to ../../instance_ufo/Roboto-BoldItalic.ufo
2016-11-02 23:04:03,358 MutatorMath Writing Roboto-BlackItalic.ufo to ../../instance_ufo/Roboto-BlackItalic.ufo
2016-11-02 23:04:04,148 MutatorMath Writing RobotoCondensed-Light.ufo to ../../instance_ufo/RobotoCondensed-Light.ufo
2016-11-02 23:04:04,652 MutatorMath Writing RobotoCondensed-Regular.ufo to ../../instance_ufo/RobotoCondensed-Regular.ufo
2016-11-02 23:04:05,148 MutatorMath Writing RobotoCondensed-Bold.ufo to ../../instance_ufo/RobotoCondensed-Bold.ufo
2016-11-02 23:04:05,682 MutatorMath Writing RobotoCondensed-LightItalic.ufo to ../../instance_ufo/RobotoCondensed-LightItalic.ufo
2016-11-02 23:04:06,420 MutatorMath Writing RobotoCondensed-Italic.ufo to ../../instance_ufo/RobotoCondensed-Italic.ufo
2016-11-02 23:04:07,167 MutatorMath Writing RobotoCondensed-BoldItalic.ufo to ../../instance_ufo/RobotoCondensed-BoldItalic.ufo
2016-11-02 23:04:07,939 MutatorMath Done
